<?xml version="1.0" encoding="UTF-8"?>
<testng-results skipped="0" failed="0" ignored="0" total="1" passed="1">
  <reporter-output>
  </reporter-output>
  <suite name="Default suite" duration-ms="21671" started-at="2019-03-04T19:36:34Z" finished-at="2019-03-04T19:36:56Z">
    <groups>
    </groups>
    <test name="Default test" duration-ms="21671" started-at="2019-03-04T19:36:34Z" finished-at="2019-03-04T19:36:56Z">
      <class name="com.training.sanity.tests.TC026_RetailAdmin">
        <test-method status="PASS" signature="setUpBeforeClass()[pri:0, instance:com.training.sanity.tests.TC026_RetailAdmin@3bfdc050]" name="setUpBeforeClass" is-config="true" duration-ms="17" started-at="2019-03-04T19:36:34Z" finished-at="2019-03-04T19:36:34Z">
          <reporter-output>
          </reporter-output>
        </test-method> <!-- setUpBeforeClass -->
        <test-method status="PASS" signature="setUp()[pri:0, instance:com.training.sanity.tests.TC026_RetailAdmin@3bfdc050]" name="setUp" is-config="true" duration-ms="7075" started-at="2019-03-04T19:36:34Z" finished-at="2019-03-04T19:36:41Z">
          <reporter-output>
          </reporter-output>
        </test-method> <!-- setUp -->
        <test-method status="PASS" signature="purchasedProducts()[pri:0, instance:com.training.sanity.tests.TC026_RetailAdmin@3bfdc050]" name="purchasedProducts" duration-ms="8735" started-at="2019-03-04T19:36:41Z" finished-at="2019-03-04T19:36:50Z">
          <reporter-output>
          </reporter-output>
        </test-method> <!-- purchasedProducts -->
        <test-method status="PASS" signature="tearDown()[pri:0, instance:com.training.sanity.tests.TC026_RetailAdmin@3bfdc050]" name="tearDown" is-config="true" duration-ms="5824" started-at="2019-03-04T19:36:50Z" finished-at="2019-03-04T19:36:56Z">
          <reporter-output>
          </reporter-output>
        </test-method> <!-- tearDown -->
      </class> <!-- com.training.sanity.tests.TC026_RetailAdmin -->
    </test> <!-- Default test -->
  </suite> <!-- Default suite -->
</testng-results>
